2021-03-22 15:06:40.253289 [guppy/message] ONT Guppy basecalling software version 4.2.2+effbaf8
config file:        /opt/ont/guppy/data/rna_r9.4.1_70bps_hac.cfg
model file:         /opt/ont/guppy/data/template_rna_r9.4.1_70bps_hac.jsn
input path:         individualfast5s
save path:          ./
chunk size:         2000
chunks per runner:  512
records per file:   4000
num basecallers:    4
gpu device:         cuda:0
kernel path:        
runners per device: 4

2021-03-22 15:06:40.253834 [guppy/info] crashpad_handler not supported on this platform.
2021-03-22 15:06:40.456246 [guppy/info] CUDA device 0 (compute 6.1) initialised, memory limit 8512602112B (8041070592B free)

2021-03-22 15:06:42.035896 [guppy/message] Found 1 fast5 files to process.
2021-03-22 15:06:42.035956 [guppy/message] Init time: 1781 ms
2021-03-22 15:06:42.065727 [guppy/info] Read '01395d24-9185-4cff-9a54-3be79787221c' from file "sample1-0.fast5" has been loaded.
2021-03-22 15:06:42.069206 [guppy/info] Read '057952ac-acff-4c21-bad9-9ec56c740c44' from file "sample1-0.fast5" has been loaded.
2021-03-22 15:06:42.071430 [guppy/info] Read '05eeef7b-c156-45a9-ad7f-28057adbdd49' from file "sample1-0.fast5" has been loaded.
2021-03-22 15:06:42.072574 [guppy/info] Read '064a7123-fc5a-4d1a-8bad-08096acb911b' from file "sample1-0.fast5" has been loaded.
2021-03-22 15:06:42.075873 [guppy/info] Read '07e29310-083b-4471-8522-045bc3c67acc' from file "sample1-0.fast5" has been loaded.
2021-03-22 15:06:42.077043 [guppy/info] Read '08dccbda-1f9d-454e-8f2d-8c5db83eb17f' from file "sample1-0.fast5" has been loaded.
2021-03-22 15:06:42.078200 [guppy/info] Read '0ad4b820-f3bf-4f10-81f1-20eac4e60aa7' from file "sample1-0.fast5" has been loaded.
2021-03-22 15:06:42.078258 [guppy/info] Read '0ae44c97-86ec-437b-aadb-2e40182d7043' from file "sample1-0.fast5" has been loaded.
2021-03-22 15:06:42.079380 [guppy/info] Read '0bea8936-acff-44f7-a7b8-2321536db716' from file "sample1-0.fast5" has been loaded.
2021-03-22 15:06:42.080566 [guppy/info] Read '0dc0aa44-8e01-4062-b78d-bb4d252d859a' from file "sample1-0.fast5" has been loaded.
2021-03-22 15:06:42.081748 [guppy/info] Read '0ead8f22-e909-44ec-a529-5a73eb6345ca' from file "sample1-0.fast5" has been loaded.
2021-03-22 15:06:42.081804 [guppy/info] Read '0fadfb38-9171-496e-aadf-7ea026ea6b8e' from file "sample1-0.fast5" has been loaded.
2021-03-22 15:06:42.085131 [guppy/info] Read '1044f1bc-0b9f-4fc4-a1e2-c62edd4ddcae' from file "sample1-0.fast5" has been loaded.
2021-03-22 15:06:42.085188 [guppy/info] Read '114b2f2a-a436-4cd8-a617-6280131c5554' from file "sample1-0.fast5" has been loaded.
2021-03-22 15:06:42.086317 [guppy/info] Read '1474f788-6d23-47be-813d-4de1a5b36595' from file "sample1-0.fast5" has been loaded.
2021-03-22 15:06:42.087472 [guppy/info] Read '15855a3b-81ac-4b7d-a169-1a612e83df1d' from file "sample1-0.fast5" has been loaded.
2021-03-22 15:06:42.087540 [guppy/info] Read '165d2f11-64f4-44a1-9ed8-d590731a6ad3' from file "sample1-0.fast5" has been loaded.
2021-03-22 15:06:42.088708 [guppy/info] Read '196d710e-7fdf-4f28-805a-3d5d52916b62' from file "sample1-0.fast5" has been loaded.
2021-03-22 15:06:42.091003 [guppy/info] Read '1afa64ac-0e82-4f30-8901-eaea138c4eb5' from file "sample1-0.fast5" has been loaded.
2021-03-22 15:06:42.091060 [guppy/info] Read '1c900bf8-265f-45e8-aeb6-95cbdf1a4b93' from file "sample1-0.fast5" has been loaded.
2021-03-22 15:06:42.092214 [guppy/info] Read '1d81799b-6a80-4d31-92c0-6652a4a995e4' from file "sample1-0.fast5" has been loaded.
2021-03-22 15:06:42.092277 [guppy/info] Read '1eb90667-9fcf-411e-9aaa-cc0812ab4d61' from file "sample1-0.fast5" has been loaded.
2021-03-22 15:06:42.094466 [guppy/info] Read '1ee58e0c-42b6-41bd-8c89-5c53f8bec217' from file "sample1-0.fast5" has been loaded.
2021-03-22 15:06:42.094511 [guppy/info] Read '2213319f-63e6-4672-a72d-b48cd8a511d8' from file "sample1-0.fast5" has been loaded.
2021-03-22 15:06:42.096744 [guppy/info] Read '22eabbc7-bd77-4aac-967d-4623f911a163' from file "sample1-0.fast5" has been loaded.
2021-03-22 15:06:42.100092 [guppy/info] Read '24f3fafa-3642-4853-a8f6-0e24bf4faa23' from file "sample1-0.fast5" has been loaded.
2021-03-22 15:06:42.102302 [guppy/info] Read '26b0eb19-1bf8-4abc-b652-9f0aa5f0faef' from file "sample1-0.fast5" has been loaded.
2021-03-22 15:06:42.103448 [guppy/info] Read '2b25b82e-8ae9-4e06-9587-0c9334ad1ae5' from file "sample1-0.fast5" has been loaded.
2021-03-22 15:06:42.104569 [guppy/info] Read '2db0c021-f27d-46a8-bf25-cd20dbb89a6d' from file "sample1-0.fast5" has been loaded.
2021-03-22 15:06:42.105697 [guppy/info] Read '2ede1cb1-1d83-47d4-82ff-36a88f885cf3' from file "sample1-0.fast5" has been loaded.
2021-03-22 15:06:42.106802 [guppy/info] Read '2f4d42f7-3ed0-418d-b04e-87902dd6dfdf' from file "sample1-0.fast5" has been loaded.
2021-03-22 15:06:42.107959 [guppy/info] Read '2f515e77-0f9d-4cd1-a81c-dc5f023889eb' from file "sample1-0.fast5" has been loaded.
2021-03-22 15:06:42.110184 [guppy/info] Read '346fc265-1175-40a6-aef6-258ae8e15c37' from file "sample1-0.fast5" has been loaded.
2021-03-22 15:06:42.113468 [guppy/info] Read '36ac7012-8f16-44b8-ab7f-44ed0c6eec66' from file "sample1-0.fast5" has been loaded.
2021-03-22 15:06:42.113516 [guppy/info] Read '396b8d30-eade-4b1e-b4cb-0eafb687f188' from file "sample1-0.fast5" has been loaded.
2021-03-22 15:06:42.114616 [guppy/info] Read '3d0ba7a9-385e-4189-9951-948370838c98' from file "sample1-0.fast5" has been loaded.
2021-03-22 15:06:42.114662 [guppy/info] Read '3d75e765-90e7-40c7-b2d4-29ed993e6672' from file "sample1-0.fast5" has been loaded.
2021-03-22 15:06:42.117901 [guppy/info] Read '4106ff81-5229-4155-9e5a-d7304907b8b1' from file "sample1-0.fast5" has been loaded.
2021-03-22 15:06:42.119039 [guppy/info] Read '41360fd1-06df-4c6b-aac7-9ea3e3872ff3' from file "sample1-0.fast5" has been loaded.
2021-03-22 15:06:42.120179 [guppy/info] Read '41694cc7-421b-4e22-901c-ecfeb9b27c8c' from file "sample1-0.fast5" has been loaded.
2021-03-22 15:06:42.121308 [guppy/info] Read '42d5029a-eea0-4a05-a9ba-6d3738f7d7cd' from file "sample1-0.fast5" has been loaded.
2021-03-22 15:06:42.123520 [guppy/info] Read '438621cf-dcb4-4482-b622-b76bf84a7062' from file "sample1-0.fast5" has been loaded.
2021-03-22 15:06:42.123587 [guppy/info] Read '45b1f416-d562-4443-a450-0c40d16cb658' from file "sample1-0.fast5" has been loaded.
2021-03-22 15:06:42.124740 [guppy/info] Read '46af9a8a-b04f-41c4-83a6-017b63afeca1' from file "sample1-0.fast5" has been loaded.
2021-03-22 15:06:42.125904 [guppy/info] Read '46fd62b5-a909-4efa-9ce3-982e4782f6be' from file "sample1-0.fast5" has been loaded.
2021-03-22 15:06:42.128142 [guppy/info] Read '4a3564cc-c403-4071-a276-d5a0cd2b300c' from file "sample1-0.fast5" has been loaded.
2021-03-22 15:06:42.129321 [guppy/info] Read '592ed52b-5966-4221-8510-5ff2d2a9239b' from file "sample1-0.fast5" has been loaded.
2021-03-22 15:06:42.130505 [guppy/info] Read '596233f5-4a18-4a54-b71d-b7988b06ba81' from file "sample1-0.fast5" has been loaded.
2021-03-22 15:06:42.131680 [guppy/info] Read '5b6a3787-78a7-4606-bfa0-a7ea78462474' from file "sample1-0.fast5" has been loaded.
2021-03-22 15:06:42.133971 [guppy/info] Read '5c71cbe5-cedd-4979-84a5-2ea4d9c80bc5' from file "sample1-0.fast5" has been loaded.
2021-03-22 15:06:42.137327 [guppy/info] Read '5ebc08b6-0428-4f3f-a7eb-909f163fac8b' from file "sample1-0.fast5" has been loaded.
2021-03-22 15:06:42.138510 [guppy/info] Read '60c4e4dd-03fa-4785-89bb-1da5aa721d03' from file "sample1-0.fast5" has been loaded.
2021-03-22 15:06:42.139703 [guppy/info] Read '625d8d4e-d2ef-41ab-bc91-982932cd2d79' from file "sample1-0.fast5" has been loaded.
2021-03-22 15:06:42.140864 [guppy/info] Read '62c2f1b3-466b-477d-af27-252d7a0eed1b' from file "sample1-0.fast5" has been loaded.
2021-03-22 15:06:42.142013 [guppy/info] Read '646aa9e0-0ff1-462f-a972-98890a8a4609' from file "sample1-0.fast5" has been loaded.
2021-03-22 15:06:42.142073 [guppy/info] Read '664dee46-f080-4f5c-b67d-c6f92c324dcf' from file "sample1-0.fast5" has been loaded.
2021-03-22 15:06:42.143188 [guppy/info] Read '6834e24b-8fb8-437f-a9aa-ee985ad8c561' from file "sample1-0.fast5" has been loaded.
2021-03-22 15:06:42.144333 [guppy/info] Read '68e952ce-b024-435f-82bf-82841c79a9bb' from file "sample1-0.fast5" has been loaded.
2021-03-22 15:06:42.145489 [guppy/info] Read '6dd7424b-ecf9-416d-b9e6-13ada4f0c4e1' from file "sample1-0.fast5" has been loaded.
2021-03-22 15:06:42.146630 [guppy/info] Read '71b8b4bb-40af-4b61-9fd2-1a85cf310102' from file "sample1-0.fast5" has been loaded.
2021-03-22 15:06:42.147777 [guppy/info] Read '71bd6c8d-d59c-4e82-8a2c-b070ec8a33e4' from file "sample1-0.fast5" has been loaded.
2021-03-22 15:06:42.147834 [guppy/info] Read '7592baff-e4d9-4cd8-9efd-8238347d5733' from file "sample1-0.fast5" has been loaded.
2021-03-22 15:06:42.150100 [guppy/info] Read '761b78f1-b8cd-4b1f-8434-53ea1706f2a1' from file "sample1-0.fast5" has been loaded.
2021-03-22 15:06:42.151282 [guppy/info] Read '766596d4-4765-41c2-946a-35866e0a1ff3' from file "sample1-0.fast5" has been loaded.
2021-03-22 15:06:42.151342 [guppy/info] Read '76cf7ae4-a45e-4ce7-bd7a-9b5e1eb8b652' from file "sample1-0.fast5" has been loaded.
2021-03-22 15:06:42.152506 [guppy/info] Read '77ee63ba-411a-4f5e-ac64-7787a01cecab' from file "sample1-0.fast5" has been loaded.
2021-03-22 15:06:42.153687 [guppy/info] Read '7a3f3033-b1aa-4568-9eba-3b58378e5f17' from file "sample1-0.fast5" has been loaded.
2021-03-22 15:06:42.157084 [guppy/info] Read '7f5facfe-8179-4832-bfd2-d14f6a74ebeb' from file "sample1-0.fast5" has been loaded.
2021-03-22 15:06:42.157146 [guppy/info] Read '8153a42d-021e-4762-a045-7205d02ec98c' from file "sample1-0.fast5" has been loaded.
2021-03-22 15:06:42.160451 [guppy/info] Read '817cb73b-9987-4745-bbe8-038dadbd23ef' from file "sample1-0.fast5" has been loaded.
2021-03-22 15:06:42.161596 [guppy/info] Read '831b5d3f-4e61-4bbb-b343-280c695b9c28' from file "sample1-0.fast5" has been loaded.
2021-03-22 15:06:42.161651 [guppy/info] Read '839f8fff-0e20-49ef-9fa5-784f2b17cf88' from file "sample1-0.fast5" has been loaded.
2021-03-22 15:06:42.165083 [guppy/info] Read '84fa034d-1122-473e-a8c1-48cc996af6ad' from file "sample1-0.fast5" has been loaded.
2021-03-22 15:06:42.167306 [guppy/info] Read '854b96a3-2d31-4fc0-846f-d9bf792e931d' from file "sample1-0.fast5" has been loaded.
2021-03-22 15:06:42.169531 [guppy/info] Read '85785de3-1824-4434-9bc3-89017e45eddc' from file "sample1-0.fast5" has been loaded.
2021-03-22 15:06:42.169593 [guppy/info] Read '858c7e7e-2ca3-4033-a21e-df109ccbce4d' from file "sample1-0.fast5" has been loaded.
2021-03-22 15:06:42.170708 [guppy/info] Read '88926c0d-466b-4bd8-982f-2b9b7b7ff163' from file "sample1-0.fast5" has been loaded.
2021-03-22 15:06:42.171854 [guppy/info] Read '89e1c72c-86f0-45d3-8b5b-ab3dad0b37b5' from file "sample1-0.fast5" has been loaded.
2021-03-22 15:06:42.175279 [guppy/info] Read '8d7b1553-7b48-4a32-a800-f4ec8e149622' from file "sample1-0.fast5" has been loaded.
2021-03-22 15:06:42.175348 [guppy/info] Read '8e5ecec1-7813-4d19-93c2-34de3e0a77b5' from file "sample1-0.fast5" has been loaded.
2021-03-22 15:06:42.176510 [guppy/info] Read '958f5a6c-d123-4653-863e-b8424511710b' from file "sample1-0.fast5" has been loaded.
2021-03-22 15:06:42.177710 [guppy/info] Read '96f32a9e-6bea-483c-a980-52f3b479c032' from file "sample1-0.fast5" has been loaded.
2021-03-22 15:06:42.178892 [guppy/info] Read '9740a998-dc22-4aba-8031-b75af10d430f' from file "sample1-0.fast5" has been loaded.
2021-03-22 15:06:42.180079 [guppy/info] Read '98b4f53d-a1f7-48f5-8e77-46e2099f55e4' from file "sample1-0.fast5" has been loaded.
2021-03-22 15:06:42.181249 [guppy/info] Read '99b7260e-da21-496d-97a5-9a7c6cabf67c' from file "sample1-0.fast5" has been loaded.
2021-03-22 15:06:42.182402 [guppy/info] Read 'a0ddb1a1-848a-4a6a-acf0-378f979ef885' from file "sample1-0.fast5" has been loaded.
2021-03-22 15:06:42.183547 [guppy/info] Read 'a1ec8f5e-0d85-4a7a-98c4-981f14f32c02' from file "sample1-0.fast5" has been loaded.
2021-03-22 15:06:42.184708 [guppy/info] Read 'a25ed1aa-7506-412e-b95e-e563e1507bd9' from file "sample1-0.fast5" has been loaded.
2021-03-22 15:06:42.185854 [guppy/info] Read 'a88979e2-503e-4e33-86e0-1c12d48ead88' from file "sample1-0.fast5" has been loaded.
2021-03-22 15:06:42.187015 [guppy/info] Read 'aa2ead8f-ccdf-4963-863a-32e2da44063f' from file "sample1-0.fast5" has been loaded.
2021-03-22 15:06:42.188163 [guppy/info] Read 'ac2e005b-67f1-4bd1-a631-16683e23857a' from file "sample1-0.fast5" has been loaded.
2021-03-22 15:06:42.189314 [guppy/info] Read 'ac89cab9-a0a4-4a29-8157-9bbe0859c9cf' from file "sample1-0.fast5" has been loaded.
2021-03-22 15:06:42.190464 [guppy/info] Read 'adef67d5-f7cd-4e07-8f29-e36ab338344e' from file "sample1-0.fast5" has been loaded.
2021-03-22 15:06:42.191662 [guppy/info] Read 'ae519b6b-60d2-4fba-9d3e-1cd3a37a8058' from file "sample1-0.fast5" has been loaded.
2021-03-22 15:06:42.192809 [guppy/info] Read 'b4ea9bca-be46-4636-99f8-88fd0c37ccd2' from file "sample1-0.fast5" has been loaded.
2021-03-22 15:06:42.193988 [guppy/info] Read 'b629dcb4-224a-4dfb-af48-ac037da1f2b1' from file "sample1-0.fast5" has been loaded.
2021-03-22 15:06:42.195166 [guppy/info] Read 'bdca9211-bd52-4927-b2a8-c8c31ad7b5c7' from file "sample1-0.fast5" has been loaded.
2021-03-22 15:06:42.195227 [guppy/info] Read 'c200408b-936a-49d5-9d2b-27f97143c390' from file "sample1-0.fast5" has been loaded.
2021-03-22 15:06:42.198607 [guppy/info] Read 'c2ea2736-7693-496f-802d-b0095ebbdb87' from file "sample1-0.fast5" has been loaded.
2021-03-22 15:06:42.198670 [guppy/info] Read 'c4567027-8fa7-4711-823c-a34c26fbe0eb' from file "sample1-0.fast5" has been loaded.
2021-03-22 15:06:42.199824 [guppy/info] Read 'c4b79559-278c-41ed-8f39-af3d04316311' from file "sample1-0.fast5" has been loaded.
2021-03-22 15:06:42.201001 [guppy/info] Read 'c78573f7-e4b8-4f8c-8a73-fbcaa4777b67' from file "sample1-0.fast5" has been loaded.
2021-03-22 15:06:42.201060 [guppy/info] Read 'c8366979-9298-44f3-b8cb-9881fc022925' from file "sample1-0.fast5" has been loaded.
2021-03-22 15:06:42.203333 [guppy/info] Read 'c90f8742-0a3d-4956-a7ac-e3fb5cbcae05' from file "sample1-0.fast5" has been loaded.
2021-03-22 15:06:42.203396 [guppy/info] Read 'ca7ef30f-9c9c-42b9-bdc5-1eb71ef9417e' from file "sample1-0.fast5" has been loaded.
2021-03-22 15:06:42.205588 [guppy/info] Read 'caeb98cf-28d5-4731-9139-ab776557356d' from file "sample1-0.fast5" has been loaded.
2021-03-22 15:06:42.207818 [guppy/info] Read 'cbd51263-207b-4498-a699-dd421f1bfd82' from file "sample1-0.fast5" has been loaded.
2021-03-22 15:06:42.210049 [guppy/info] Read 'cc939e7a-5a4f-4a29-9c88-38b3c8d2b044' from file "sample1-0.fast5" has been loaded.
2021-03-22 15:06:42.210109 [guppy/info] Read 'ccad3549-643d-46c4-8faf-f30736565f36' from file "sample1-0.fast5" has been loaded.
2021-03-22 15:06:42.213377 [guppy/info] Read 'cd3cd772-ec83-4b1a-8915-1cf9799c6415' from file "sample1-0.fast5" has been loaded.
2021-03-22 15:06:42.215604 [guppy/info] Read 'cdf77380-958c-4333-b355-e9b9f78a320d' from file "sample1-0.fast5" has been loaded.
2021-03-22 15:06:42.215696 [guppy/info] Read 'ce44606c-caf1-41f2-af2c-21bb8db25674' from file "sample1-0.fast5" has been loaded.
2021-03-22 15:06:42.216815 [guppy/info] Read 'ce843fd3-7f11-43cf-906e-27fc60a0de0b' from file "sample1-0.fast5" has been loaded.
2021-03-22 15:06:42.217961 [guppy/info] Read 'cf840523-5ca9-426d-a189-085dffa5467c' from file "sample1-0.fast5" has been loaded.
2021-03-22 15:06:42.219121 [guppy/info] Read 'd3d226ae-6b5c-4dc1-9e8f-d6d2fa45790d' from file "sample1-0.fast5" has been loaded.
2021-03-22 15:06:42.219178 [guppy/info] Read 'd575d400-dac8-4060-b668-85a060b926b6' from file "sample1-0.fast5" has been loaded.
2021-03-22 15:06:42.222541 [guppy/info] Read 'd5fb5f17-0a76-47a6-84e5-815cc0e2e1d1' from file "sample1-0.fast5" has been loaded.
2021-03-22 15:06:42.223728 [guppy/info] Read 'd6b9aa78-9890-41fd-8a4c-529a81c4a42d' from file "sample1-0.fast5" has been loaded.
2021-03-22 15:06:42.223787 [guppy/info] Read 'd7c62108-c1c5-41a4-bd5f-ded52f64c6bc' from file "sample1-0.fast5" has been loaded.
2021-03-22 15:06:42.224937 [guppy/info] Read 'd997331c-e4f0-4bfb-9cb6-09d9d2884b51' from file "sample1-0.fast5" has been loaded.
2021-03-22 15:06:42.226119 [guppy/info] Read 'daaed104-5c72-4120-92ac-28a06e0cf02b' from file "sample1-0.fast5" has been loaded.
2021-03-22 15:06:42.227307 [guppy/info] Read 'dac89325-ae5b-4858-b2ea-ba96d7944284' from file "sample1-0.fast5" has been loaded.
2021-03-22 15:06:42.227368 [guppy/info] Read 'dba1ca39-50a5-437e-b65b-524a3fa1f17c' from file "sample1-0.fast5" has been loaded.
2021-03-22 15:06:42.228519 [guppy/info] Read 'ddc6d296-0a61-464f-a52d-761b90b332e7' from file "sample1-0.fast5" has been loaded.
2021-03-22 15:06:42.229707 [guppy/info] Read 'e0ff8102-f012-4760-9440-15272b517bd6' from file "sample1-0.fast5" has been loaded.
2021-03-22 15:06:42.229763 [guppy/info] Read 'e4c2071b-ee37-4e06-9b2f-5ae4b7d3cff4' from file "sample1-0.fast5" has been loaded.
2021-03-22 15:06:42.231967 [guppy/info] Read 'e54680fb-02a9-4abf-a159-3c79f3074c77' from file "sample1-0.fast5" has been loaded.
2021-03-22 15:06:42.233123 [guppy/info] Read 'e58cc8b1-f1a0-4a61-be58-17b1a0a6b5fc' from file "sample1-0.fast5" has been loaded.
2021-03-22 15:06:42.234245 [guppy/info] Read 'e7afa0a8-6a79-4bc2-b0e8-c546f58dedff' from file "sample1-0.fast5" has been loaded.
2021-03-22 15:06:42.236417 [guppy/info] Read 'e8c84f76-dfef-4fb4-8264-88e5cd1778ef' from file "sample1-0.fast5" has been loaded.
2021-03-22 15:06:42.237530 [guppy/info] Read 'ea6e9e7b-6cfa-4acf-b726-62f48e064545' from file "sample1-0.fast5" has been loaded.
2021-03-22 15:06:42.238631 [guppy/info] Read 'eb1d163d-5dc3-4c60-87c4-716a6e042491' from file "sample1-0.fast5" has been loaded.
2021-03-22 15:06:42.238677 [guppy/info] Read 'eed4fa1c-3bdd-47e8-9bbf-01d42d1c9e70' from file "sample1-0.fast5" has been loaded.
2021-03-22 15:06:42.239782 [guppy/info] Read 'efea953d-2f63-4c07-a56a-8b652f085f6a' from file "sample1-0.fast5" has been loaded.
2021-03-22 15:06:42.240886 [guppy/info] Read 'f0b8ff2c-51b6-4919-aec1-bfa0e8091012' from file "sample1-0.fast5" has been loaded.
2021-03-22 15:06:42.240915 [guppy/info] Read 'f2fc8a40-51fd-4533-94f3-701ac416c4b6' from file "sample1-0.fast5" has been loaded.
2021-03-22 15:06:42.243088 [guppy/info] Read 'f66c9682-f6d5-49ee-a00a-25f6850baaf8' from file "sample1-0.fast5" has been loaded.
2021-03-22 15:06:42.245651 [guppy/info] Read 'f8014d0a-73e1-4fcc-b856-2ee1b70dadeb' from file "sample1-0.fast5" has been loaded.
2021-03-22 15:06:42.245775 [guppy/info] Dispatched batch 0 containing 1 inputs:
2021-03-22 15:06:42.245817 [guppy/info] Batch input 0 : individualfast5s/sample1-0.fast5
2021-03-22 15:06:42.814190 [guppy/info] Read '01395d24-9185-4cff-9a54-3be79787221c' from file "sample1-0.fast5" completed.
2021-03-22 15:06:43.480030 [guppy/info] Read '05eeef7b-c156-45a9-ad7f-28057adbdd49' from file "sample1-0.fast5" completed.
2021-03-22 15:06:43.482004 [guppy/info] Read '064a7123-fc5a-4d1a-8bad-08096acb911b' from file "sample1-0.fast5" completed.
2021-03-22 15:06:43.486450 [guppy/info] Read '07e29310-083b-4471-8522-045bc3c67acc' from file "sample1-0.fast5" completed.
2021-03-22 15:06:43.491301 [guppy/info] Read '057952ac-acff-4c21-bad9-9ec56c740c44' from file "sample1-0.fast5" completed.
2021-03-22 15:06:43.492716 [guppy/info] Read '0bea8936-acff-44f7-a7b8-2321536db716' from file "sample1-0.fast5" completed.
2021-03-22 15:06:43.493365 [guppy/info] Read '0ead8f22-e909-44ec-a529-5a73eb6345ca' from file "sample1-0.fast5" completed.
2021-03-22 15:06:43.494963 [guppy/info] Read '0fadfb38-9171-496e-aadf-7ea026ea6b8e' from file "sample1-0.fast5" completed.
2021-03-22 15:06:43.498546 [guppy/info] Read '1044f1bc-0b9f-4fc4-a1e2-c62edd4ddcae' from file "sample1-0.fast5" completed.
2021-03-22 15:06:43.500738 [guppy/info] Read '0dc0aa44-8e01-4062-b78d-bb4d252d859a' from file "sample1-0.fast5" completed.
2021-03-22 15:06:43.501704 [guppy/info] Read '114b2f2a-a436-4cd8-a617-6280131c5554' from file "sample1-0.fast5" completed.
2021-03-22 15:06:44.127369 [guppy/info] Read '08dccbda-1f9d-454e-8f2d-8c5db83eb17f' from file "sample1-0.fast5" completed.
2021-03-22 15:06:44.132304 [guppy/info] Read '1afa64ac-0e82-4f30-8901-eaea138c4eb5' from file "sample1-0.fast5" completed.
2021-03-22 15:06:44.133056 [guppy/info] Read '1c900bf8-265f-45e8-aeb6-95cbdf1a4b93' from file "sample1-0.fast5" completed.
2021-03-22 15:06:44.136337 [guppy/info] Read '22eabbc7-bd77-4aac-967d-4623f911a163' from file "sample1-0.fast5" completed.
2021-03-22 15:06:44.138025 [guppy/info] Read '0ad4b820-f3bf-4f10-81f1-20eac4e60aa7' from file "sample1-0.fast5" completed.
2021-03-22 15:06:44.138769 [guppy/info] Read '0ae44c97-86ec-437b-aadb-2e40182d7043' from file "sample1-0.fast5" completed.
2021-03-22 15:06:44.139377 [guppy/info] Read '1474f788-6d23-47be-813d-4de1a5b36595' from file "sample1-0.fast5" completed.
2021-03-22 15:06:44.140463 [guppy/info] Read '15855a3b-81ac-4b7d-a169-1a612e83df1d' from file "sample1-0.fast5" completed.
2021-03-22 15:06:44.141505 [guppy/info] Read '1d81799b-6a80-4d31-92c0-6652a4a995e4' from file "sample1-0.fast5" completed.
2021-03-22 15:06:44.142851 [guppy/info] Read '1eb90667-9fcf-411e-9aaa-cc0812ab4d61' from file "sample1-0.fast5" completed.
2021-03-22 15:06:44.145074 [guppy/info] Read '1ee58e0c-42b6-41bd-8c89-5c53f8bec217' from file "sample1-0.fast5" completed.
2021-03-22 15:06:44.145554 [guppy/info] Read '2213319f-63e6-4672-a72d-b48cd8a511d8' from file "sample1-0.fast5" completed.
2021-03-22 15:06:44.149105 [guppy/info] Read '24f3fafa-3642-4853-a8f6-0e24bf4faa23' from file "sample1-0.fast5" completed.
2021-03-22 15:06:44.149979 [guppy/info] Read '165d2f11-64f4-44a1-9ed8-d590731a6ad3' from file "sample1-0.fast5" completed.
2021-03-22 15:06:44.151158 [guppy/info] Read '196d710e-7fdf-4f28-805a-3d5d52916b62' from file "sample1-0.fast5" completed.
2021-03-22 15:06:44.152985 [guppy/info] Read '2db0c021-f27d-46a8-bf25-cd20dbb89a6d' from file "sample1-0.fast5" completed.
2021-03-22 15:06:44.153841 [guppy/info] Read '2ede1cb1-1d83-47d4-82ff-36a88f885cf3' from file "sample1-0.fast5" completed.
2021-03-22 15:06:44.154763 [guppy/info] Read '71b8b4bb-40af-4b61-9fd2-1a85cf310102' from file "sample1-0.fast5" completed.
2021-03-22 15:06:44.155499 [guppy/info] Read '71bd6c8d-d59c-4e82-8a2c-b070ec8a33e4' from file "sample1-0.fast5" completed.
2021-03-22 15:06:44.156536 [guppy/info] Read '7592baff-e4d9-4cd8-9efd-8238347d5733' from file "sample1-0.fast5" completed.
2021-03-22 15:06:44.158429 [guppy/info] Read '761b78f1-b8cd-4b1f-8434-53ea1706f2a1' from file "sample1-0.fast5" completed.
2021-03-22 15:06:44.161434 [guppy/info] Read '26b0eb19-1bf8-4abc-b652-9f0aa5f0faef' from file "sample1-0.fast5" completed.
2021-03-22 15:06:44.163343 [guppy/info] Read '2b25b82e-8ae9-4e06-9587-0c9334ad1ae5' from file "sample1-0.fast5" completed.
2021-03-22 15:06:44.164020 [guppy/info] Read '3d0ba7a9-385e-4189-9951-948370838c98' from file "sample1-0.fast5" completed.
2021-03-22 15:06:44.164528 [guppy/info] Read '3d75e765-90e7-40c7-b2d4-29ed993e6672' from file "sample1-0.fast5" completed.
2021-03-22 15:06:44.166474 [guppy/info] Read '41360fd1-06df-4c6b-aac7-9ea3e3872ff3' from file "sample1-0.fast5" completed.
2021-03-22 15:06:44.167239 [guppy/info] Read '42d5029a-eea0-4a05-a9ba-6d3738f7d7cd' from file "sample1-0.fast5" completed.
2021-03-22 15:06:44.168837 [guppy/info] Read '831b5d3f-4e61-4bbb-b343-280c695b9c28' from file "sample1-0.fast5" completed.
2021-03-22 15:06:44.169792 [guppy/info] Read '839f8fff-0e20-49ef-9fa5-784f2b17cf88' from file "sample1-0.fast5" completed.
2021-03-22 15:06:44.170886 [guppy/info] Read '958f5a6c-d123-4653-863e-b8424511710b' from file "sample1-0.fast5" completed.
2021-03-22 15:06:44.172701 [guppy/info] Read '2f4d42f7-3ed0-418d-b04e-87902dd6dfdf' from file "sample1-0.fast5" completed.
2021-03-22 15:06:44.174263 [guppy/info] Read '2f515e77-0f9d-4cd1-a81c-dc5f023889eb' from file "sample1-0.fast5" completed.
2021-03-22 15:06:44.176234 [guppy/info] Read '346fc265-1175-40a6-aef6-258ae8e15c37' from file "sample1-0.fast5" completed.
2021-03-22 15:06:44.180535 [guppy/info] Read '438621cf-dcb4-4482-b622-b76bf84a7062' from file "sample1-0.fast5" completed.
2021-03-22 15:06:44.181188 [guppy/info] Read '45b1f416-d562-4443-a450-0c40d16cb658' from file "sample1-0.fast5" completed.
2021-03-22 15:06:44.182441 [guppy/info] Read '9740a998-dc22-4aba-8031-b75af10d430f' from file "sample1-0.fast5" completed.
2021-03-22 15:06:44.184425 [guppy/info] Read '98b4f53d-a1f7-48f5-8e77-46e2099f55e4' from file "sample1-0.fast5" completed.
2021-03-22 15:06:44.184743 [guppy/info] Read '99b7260e-da21-496d-97a5-9a7c6cabf67c' from file "sample1-0.fast5" completed.
2021-03-22 15:06:44.188119 [guppy/info] Read '4106ff81-5229-4155-9e5a-d7304907b8b1' from file "sample1-0.fast5" completed.
2021-03-22 15:06:44.189684 [guppy/info] Read '41694cc7-421b-4e22-901c-ecfeb9b27c8c' from file "sample1-0.fast5" completed.
2021-03-22 15:06:44.191036 [guppy/info] Read '46fd62b5-a909-4efa-9ce3-982e4782f6be' from file "sample1-0.fast5" completed.
2021-03-22 15:06:44.194411 [guppy/info] Read '4a3564cc-c403-4071-a276-d5a0cd2b300c' from file "sample1-0.fast5" completed.
2021-03-22 15:06:44.195819 [guppy/info] Read '62c2f1b3-466b-477d-af27-252d7a0eed1b' from file "sample1-0.fast5" completed.
2021-03-22 15:06:44.196890 [guppy/info] Read 'a0ddb1a1-848a-4a6a-acf0-378f979ef885' from file "sample1-0.fast5" completed.
2021-03-22 15:06:44.198620 [guppy/info] Read 'caeb98cf-28d5-4731-9139-ab776557356d' from file "sample1-0.fast5" completed.
2021-03-22 15:06:44.199168 [guppy/info] Read '46af9a8a-b04f-41c4-83a6-017b63afeca1' from file "sample1-0.fast5" completed.
2021-03-22 15:06:44.200869 [guppy/info] Read '5c71cbe5-cedd-4979-84a5-2ea4d9c80bc5' from file "sample1-0.fast5" completed.
2021-03-22 15:06:44.203648 [guppy/info] Read '60c4e4dd-03fa-4785-89bb-1da5aa721d03' from file "sample1-0.fast5" completed.
2021-03-22 15:06:44.204807 [guppy/info] Read '646aa9e0-0ff1-462f-a972-98890a8a4609' from file "sample1-0.fast5" completed.
2021-03-22 15:06:44.205556 [guppy/info] Read '664dee46-f080-4f5c-b67d-c6f92c324dcf' from file "sample1-0.fast5" completed.
2021-03-22 15:06:44.206653 [guppy/info] Read '6834e24b-8fb8-437f-a9aa-ee985ad8c561' from file "sample1-0.fast5" completed.
2021-03-22 15:06:44.208163 [guppy/info] Read '68e952ce-b024-435f-82bf-82841c79a9bb' from file "sample1-0.fast5" completed.
2021-03-22 15:06:44.209305 [guppy/info] Read '6dd7424b-ecf9-416d-b9e6-13ada4f0c4e1' from file "sample1-0.fast5" completed.
2021-03-22 15:06:44.212685 [guppy/info] Read 'cbd51263-207b-4498-a699-dd421f1bfd82' from file "sample1-0.fast5" completed.
2021-03-22 15:06:44.216299 [guppy/info] Read '7f5facfe-8179-4832-bfd2-d14f6a74ebeb' from file "sample1-0.fast5" completed.
2021-03-22 15:06:44.217002 [guppy/info] Read '8153a42d-021e-4762-a045-7205d02ec98c' from file "sample1-0.fast5" completed.
2021-03-22 15:06:44.220136 [guppy/info] Read '85785de3-1824-4434-9bc3-89017e45eddc' from file "sample1-0.fast5" completed.
2021-03-22 15:06:44.220934 [guppy/info] Read '858c7e7e-2ca3-4033-a21e-df109ccbce4d' from file "sample1-0.fast5" completed.
2021-03-22 15:06:44.222118 [guppy/info] Read '766596d4-4765-41c2-946a-35866e0a1ff3' from file "sample1-0.fast5" completed.
2021-03-22 15:06:44.223170 [guppy/info] Read '76cf7ae4-a45e-4ce7-bd7a-9b5e1eb8b652' from file "sample1-0.fast5" completed.
2021-03-22 15:06:44.223983 [guppy/info] Read '77ee63ba-411a-4f5e-ac64-7787a01cecab' from file "sample1-0.fast5" completed.
2021-03-22 15:06:44.225919 [guppy/info] Read '7a3f3033-b1aa-4568-9eba-3b58378e5f17' from file "sample1-0.fast5" completed.
2021-03-22 15:06:44.229255 [guppy/info] Read '817cb73b-9987-4745-bbe8-038dadbd23ef' from file "sample1-0.fast5" completed.
2021-03-22 15:06:44.231502 [guppy/info] Read 'cc939e7a-5a4f-4a29-9c88-38b3c8d2b044' from file "sample1-0.fast5" completed.
2021-03-22 15:06:44.232058 [guppy/info] Read 'ccad3549-643d-46c4-8faf-f30736565f36' from file "sample1-0.fast5" completed.
2021-03-22 15:06:44.233188 [guppy/info] Read 'ce843fd3-7f11-43cf-906e-27fc60a0de0b' from file "sample1-0.fast5" completed.
2021-03-22 15:06:44.233923 [guppy/info] Read 'aa2ead8f-ccdf-4963-863a-32e2da44063f' from file "sample1-0.fast5" completed.
2021-03-22 15:06:44.236948 [guppy/info] Read 'cd3cd772-ec83-4b1a-8915-1cf9799c6415' from file "sample1-0.fast5" completed.
2021-03-22 15:06:44.238486 [guppy/info] Read 'd3d226ae-6b5c-4dc1-9e8f-d6d2fa45790d' from file "sample1-0.fast5" completed.
2021-03-22 15:06:44.239716 [guppy/info] Read 'd575d400-dac8-4060-b668-85a060b926b6' from file "sample1-0.fast5" completed.
2021-03-22 15:06:44.242705 [guppy/info] Read '84fa034d-1122-473e-a8c1-48cc996af6ad' from file "sample1-0.fast5" completed.
2021-03-22 15:06:44.245399 [guppy/info] Read '854b96a3-2d31-4fc0-846f-d9bf792e931d' from file "sample1-0.fast5" completed.
2021-03-22 15:06:44.247778 [guppy/info] Read 'a88979e2-503e-4e33-86e0-1c12d48ead88' from file "sample1-0.fast5" completed.
2021-03-22 15:06:44.248934 [guppy/info] Read 'cf840523-5ca9-426d-a189-085dffa5467c' from file "sample1-0.fast5" completed.
2021-03-22 15:06:44.249361 [guppy/info] Read 'd6b9aa78-9890-41fd-8a4c-529a81c4a42d' from file "sample1-0.fast5" completed.
2021-03-22 15:06:44.250342 [guppy/info] Read 'd7c62108-c1c5-41a4-bd5f-ded52f64c6bc' from file "sample1-0.fast5" completed.
2021-03-22 15:06:44.251677 [guppy/info] Read 'd997331c-e4f0-4bfb-9cb6-09d9d2884b51' from file "sample1-0.fast5" completed.
2021-03-22 15:06:44.254674 [guppy/info] Read 'e54680fb-02a9-4abf-a159-3c79f3074c77' from file "sample1-0.fast5" completed.
2021-03-22 15:06:44.255151 [guppy/info] Read 'ea6e9e7b-6cfa-4acf-b726-62f48e064545' from file "sample1-0.fast5" completed.
2021-03-22 15:06:44.255803 [guppy/info] Read 'eb1d163d-5dc3-4c60-87c4-716a6e042491' from file "sample1-0.fast5" completed.
2021-03-22 15:06:44.256346 [guppy/info] Read 'eed4fa1c-3bdd-47e8-9bbf-01d42d1c9e70' from file "sample1-0.fast5" completed.
2021-03-22 15:06:44.257716 [guppy/info] Read 'f66c9682-f6d5-49ee-a00a-25f6850baaf8' from file "sample1-0.fast5" completed.
2021-03-22 15:06:44.258573 [guppy/info] Read 'c78573f7-e4b8-4f8c-8a73-fbcaa4777b67' from file "sample1-0.fast5" completed.
2021-03-22 15:06:44.259523 [guppy/info] Read 'c8366979-9298-44f3-b8cb-9881fc022925' from file "sample1-0.fast5" completed.
2021-03-22 15:06:44.261515 [guppy/info] Read 'c90f8742-0a3d-4956-a7ac-e3fb5cbcae05' from file "sample1-0.fast5" completed.
2021-03-22 15:06:44.262546 [guppy/info] Read 'ca7ef30f-9c9c-42b9-bdc5-1eb71ef9417e' from file "sample1-0.fast5" completed.
2021-03-22 15:06:44.263375 [guppy/info] Read 'daaed104-5c72-4120-92ac-28a06e0cf02b' from file "sample1-0.fast5" completed.
2021-03-22 15:06:44.264656 [guppy/info] Read 'dac89325-ae5b-4858-b2ea-ba96d7944284' from file "sample1-0.fast5" completed.
2021-03-22 15:06:44.265238 [guppy/info] Read 'dba1ca39-50a5-437e-b65b-524a3fa1f17c' from file "sample1-0.fast5" completed.
2021-03-22 15:06:44.267497 [guppy/info] Read 'f8014d0a-73e1-4fcc-b856-2ee1b70dadeb' from file "sample1-0.fast5" completed.
2021-03-22 15:06:44.271399 [guppy/info] Read 'd5fb5f17-0a76-47a6-84e5-815cc0e2e1d1' from file "sample1-0.fast5" completed.
2021-03-22 15:06:44.272037 [guppy/info] Read 'ddc6d296-0a61-464f-a52d-761b90b332e7' from file "sample1-0.fast5" completed.
2021-03-22 15:06:44.273143 [guppy/info] Read 'e0ff8102-f012-4760-9440-15272b517bd6' from file "sample1-0.fast5" completed.
2021-03-22 15:06:44.274051 [guppy/info] Read 'e4c2071b-ee37-4e06-9b2f-5ae4b7d3cff4' from file "sample1-0.fast5" completed.
2021-03-22 15:06:44.678924 [guppy/info] Read '36ac7012-8f16-44b8-ab7f-44ed0c6eec66' from file "sample1-0.fast5" completed.
2021-03-22 15:06:44.680039 [guppy/info] Read '396b8d30-eade-4b1e-b4cb-0eafb687f188' from file "sample1-0.fast5" completed.
2021-03-22 15:06:44.681132 [guppy/info] Read '592ed52b-5966-4221-8510-5ff2d2a9239b' from file "sample1-0.fast5" completed.
2021-03-22 15:06:44.684034 [guppy/info] Read '596233f5-4a18-4a54-b71d-b7988b06ba81' from file "sample1-0.fast5" completed.
2021-03-22 15:06:44.686026 [guppy/info] Read '5b6a3787-78a7-4606-bfa0-a7ea78462474' from file "sample1-0.fast5" completed.
2021-03-22 15:06:44.692372 [guppy/info] Read '5ebc08b6-0428-4f3f-a7eb-909f163fac8b' from file "sample1-0.fast5" completed.
2021-03-22 15:06:44.693171 [guppy/info] Read '625d8d4e-d2ef-41ab-bc91-982932cd2d79' from file "sample1-0.fast5" completed.
2021-03-22 15:06:44.693749 [guppy/info] Read '88926c0d-466b-4bd8-982f-2b9b7b7ff163' from file "sample1-0.fast5" completed.
2021-03-22 15:06:44.695893 [guppy/info] Read '89e1c72c-86f0-45d3-8b5b-ab3dad0b37b5' from file "sample1-0.fast5" completed.
2021-03-22 15:06:44.701116 [guppy/info] Read '8d7b1553-7b48-4a32-a800-f4ec8e149622' from file "sample1-0.fast5" completed.
2021-03-22 15:06:44.702450 [guppy/info] Read '8e5ecec1-7813-4d19-93c2-34de3e0a77b5' from file "sample1-0.fast5" completed.
2021-03-22 15:06:44.703145 [guppy/info] Read '96f32a9e-6bea-483c-a980-52f3b479c032' from file "sample1-0.fast5" completed.
2021-03-22 15:06:44.704794 [guppy/info] Read 'a1ec8f5e-0d85-4a7a-98c4-981f14f32c02' from file "sample1-0.fast5" completed.
2021-03-22 15:06:44.706611 [guppy/info] Read 'a25ed1aa-7506-412e-b95e-e563e1507bd9' from file "sample1-0.fast5" completed.
2021-03-22 15:06:44.707936 [guppy/info] Read 'ac2e005b-67f1-4bd1-a631-16683e23857a' from file "sample1-0.fast5" completed.
2021-03-22 15:06:44.708909 [guppy/info] Read 'ac89cab9-a0a4-4a29-8157-9bbe0859c9cf' from file "sample1-0.fast5" completed.
2021-03-22 15:06:44.711154 [guppy/info] Read 'adef67d5-f7cd-4e07-8f29-e36ab338344e' from file "sample1-0.fast5" completed.
2021-03-22 15:06:44.712965 [guppy/info] Read 'ae519b6b-60d2-4fba-9d3e-1cd3a37a8058' from file "sample1-0.fast5" completed.
2021-03-22 15:06:44.713985 [guppy/info] Read 'b4ea9bca-be46-4636-99f8-88fd0c37ccd2' from file "sample1-0.fast5" completed.
2021-03-22 15:06:44.716496 [guppy/info] Read 'b629dcb4-224a-4dfb-af48-ac037da1f2b1' from file "sample1-0.fast5" completed.
2021-03-22 15:06:44.717433 [guppy/info] Read 'bdca9211-bd52-4927-b2a8-c8c31ad7b5c7' from file "sample1-0.fast5" completed.
2021-03-22 15:06:44.718506 [guppy/info] Read 'c200408b-936a-49d5-9d2b-27f97143c390' from file "sample1-0.fast5" completed.
2021-03-22 15:06:44.723019 [guppy/info] Read 'c2ea2736-7693-496f-802d-b0095ebbdb87' from file "sample1-0.fast5" completed.
2021-03-22 15:06:44.723497 [guppy/info] Read 'c4567027-8fa7-4711-823c-a34c26fbe0eb' from file "sample1-0.fast5" completed.
2021-03-22 15:06:44.724014 [guppy/info] Read 'c4b79559-278c-41ed-8f39-af3d04316311' from file "sample1-0.fast5" completed.
2021-03-22 15:06:44.727693 [guppy/info] Read 'cdf77380-958c-4333-b355-e9b9f78a320d' from file "sample1-0.fast5" completed.
2021-03-22 15:06:44.728198 [guppy/info] Read 'ce44606c-caf1-41f2-af2c-21bb8db25674' from file "sample1-0.fast5" completed.
2021-03-22 15:06:44.729547 [guppy/info] Read 'e58cc8b1-f1a0-4a61-be58-17b1a0a6b5fc' from file "sample1-0.fast5" completed.
2021-03-22 15:06:44.731251 [guppy/info] Read 'e7afa0a8-6a79-4bc2-b0e8-c546f58dedff' from file "sample1-0.fast5" completed.
2021-03-22 15:06:44.736364 [guppy/info] Read 'e8c84f76-dfef-4fb4-8264-88e5cd1778ef' from file "sample1-0.fast5" completed.
2021-03-22 15:06:44.737353 [guppy/info] Read 'efea953d-2f63-4c07-a56a-8b652f085f6a' from file "sample1-0.fast5" completed.
2021-03-22 15:06:44.738410 [guppy/info] Read 'f0b8ff2c-51b6-4919-aec1-bfa0e8091012' from file "sample1-0.fast5" completed.
2021-03-22 15:06:44.739113 [guppy/info] Read 'f2fc8a40-51fd-4533-94f3-701ac416c4b6' from file "sample1-0.fast5" completed.
2021-03-22 15:06:44.796845 [guppy/info] Completed batch 0
2021-03-22 15:06:44.796995 [guppy/message] Caller time: 2761 ms, Samples called: 8143057, samples/s: 2.94931e+06
2021-03-22 15:06:44.797114 [guppy/message] Finishing up any open output files.
2021-03-22 15:07:03.070550 [guppy/info] Stats for model /opt/ont/guppy/data/template_rna_r9.4.1_70bps_hac.jsn, 4 runners/device, 512 chunks/run, 2000 blocks/chunk, lifetime 21.389 s
CUDA device 0: 4 runs with 484 chunks (23.633%), 8311074 samples (20.291%), avg max size 19248, avg size 17172 (89.21% of max), 3.8857e+05 samples/s
2021-03-22 15:07:03.141615 [guppy/message] Basecalling completed successfully.
