ONT Guppy basecalling software version 4.2.2+effbaf8
config file:        /opt/ont/guppy/data/rna_r9.4.1_70bps_hac.cfg
model file:         /opt/ont/guppy/data/template_rna_r9.4.1_70bps_hac.jsn
input path:         individualfast5s
save path:          ./
chunk size:         2000
chunks per runner:  512
records per file:   4000
num basecallers:    4
gpu device:         cuda:0
kernel path:        
runners per device: 4

Found 1 fast5 files to process.
Init time: 1781 ms

0%   10   20   30   40   50   60   70   80   90   100%
|----|----|----|----|----|----|----|----|----|----|
***************************************************
Caller time: 2761 ms, Samples called: 8143057, samples/s: 2.94931e+06
Finishing up any open output files.
Basecalling completed successfully.
